0 info it worked if it ends with ok
1 verbose cli [ 'node', '/usr/local/bin/npm', 'install', '-g', 'npm@1.2.10' ]
2 info using npm@1.4.28
3 info using node@v0.10.32
4 verbose cache add [ 'npm@1.2.10', null ]
5 verbose cache add name=undefined spec="npm@1.2.10" args=["npm@1.2.10",null]
6 verbose parsed url { protocol: null,
6 verbose parsed url   slashes: null,
6 verbose parsed url   auth: null,
6 verbose parsed url   host: null,
6 verbose parsed url   port: null,
6 verbose parsed url   hostname: null,
6 verbose parsed url   hash: null,
6 verbose parsed url   search: null,
6 verbose parsed url   query: null,
6 verbose parsed url   pathname: 'npm@1.2.10',
6 verbose parsed url   path: 'npm@1.2.10',
6 verbose parsed url   href: 'npm@1.2.10' }
7 verbose cache add name="npm" spec="1.2.10" args=["npm","1.2.10"]
8 verbose parsed url { protocol: null,
8 verbose parsed url   slashes: null,
8 verbose parsed url   auth: null,
8 verbose parsed url   host: null,
8 verbose parsed url   port: null,
8 verbose parsed url   hostname: null,
8 verbose parsed url   hash: null,
8 verbose parsed url   search: null,
8 verbose parsed url   query: null,
8 verbose parsed url   pathname: '1.2.10',
8 verbose parsed url   path: '1.2.10',
8 verbose parsed url   href: '1.2.10' }
9 verbose addNamed [ 'npm', '1.2.10' ]
10 verbose addNamed [ '1.2.10', '1.2.10' ]
11 silly lockFile 58bd65f8-npm-1-2-10 npm@1.2.10
12 verbose lock npm@1.2.10 /Users/simonjare/.npm/58bd65f8-npm-1-2-10.lock
13 verbose request where is /npm
14 verbose request registry https://registry.npmjs.org/
15 verbose request id 835e610193c65749
16 verbose url raw /npm
17 verbose url resolving [ 'https://registry.npmjs.org/', './npm' ]
18 verbose url resolved https://registry.npmjs.org/npm
19 verbose request where is https://registry.npmjs.org/npm
20 info trying registry request attempt 1 at 09:14:37
21 http GET https://registry.npmjs.org/npm
22 http 200 https://registry.npmjs.org/npm
23 silly registry.get cb [ 200,
23 silly registry.get   { date: 'Thu, 02 Oct 2014 07:14:38 GMT',
23 silly registry.get     server: 'CouchDB/1.5.0 (Erlang OTP/R16B03)',
23 silly registry.get     etag: '"CYMQQMREPOONFU2RPT4081NEH"',
23 silly registry.get     'content-type': 'application/json',
23 silly registry.get     'cache-control': 'max-age=60',
23 silly registry.get     'content-length': '1521873',
23 silly registry.get     'accept-ranges': 'bytes',
23 silly registry.get     via: '1.1 varnish',
23 silly registry.get     age: '91',
23 silly registry.get     'x-served-by': 'cache-ams4134-AMS',
23 silly registry.get     'x-cache': 'HIT',
23 silly registry.get     'x-cache-hits': '1',
23 silly registry.get     'x-timer': 'S1412234078.088758,VS0,VE173',
23 silly registry.get     vary: 'Accept',
23 silly registry.get     'keep-alive': 'timeout=10, max=50',
23 silly registry.get     connection: 'Keep-Alive' } ]
24 silly lockFile 58bd65f8-npm-1-2-10 npm@1.2.10
25 silly lockFile 58bd65f8-npm-1-2-10 npm@1.2.10
26 error Error: version not found: npm@1.2.10
26 error     at /usr/local/lib/node_modules/npm/lib/cache/add-named.js:125:12
26 error     at saved (/usr/local/lib/node_modules/npm/node_modules/npm-registry-client/lib/get.js:167:7)
26 error     at Object.oncomplete (fs.js:107:15)
27 error If you need help, you may report this *entire* log,
27 error including the npm and node versions, at:
27 error     <http://github.com/npm/npm/issues>
28 error System Darwin 13.4.0
29 error command "node" "/usr/local/bin/npm" "install" "-g" "npm@1.2.10"
30 error cwd /Users/simonjare/Documents/Jobb/berkant
31 error node -v v0.10.32
32 error npm -v 1.4.28
33 verbose exit [ 1, true ]
